<?xml version="1.0" encoding="UTF-8"?>
<!-- Generated by org.testng.reporters.JUnitReportReporter -->
<testsuite hostname="Raga" failures="0" tests="2" name="com.dikahadir.runners.RunnerAturanCutiTest" time="43.879" errors="0" timestamp="2025-08-24T22:55:03 WIB" skipped="0">
  <testcase classname="com.dikahadir.runners.RunnerAturanCutiTest" name="runScenario" time="17.802"/>
  <testcase classname="com.dikahadir.runners.RunnerAturanCutiTest" name="runScenario" time="26.077"/>
</testsuite> <!-- com.dikahadir.runners.RunnerAturanCutiTest -->
