<?xml version="1.0" encoding="UTF-8"?>
<!-- Generated by org.testng.reporters.JUnitReportReporter -->
<testsuite hostname="Raga" failures="1" tests="4" name="com.dikahadir.runners.RunnerAturanCutiTest" time="89.389" errors="0" timestamp="2025-08-24T02:09:52 WIB" skipped="0">
  <testcase classname="com.dikahadir.runners.RunnerAturanCutiTest" name="runScenario" time="28.620"/>
  <testcase classname="com.dikahadir.runners.RunnerAturanCutiTest" name="runScenario" time="18.800"/>
  <testcase classname="com.dikahadir.runners.RunnerAturanCutiTest" name="runScenario" time="19.574"/>
  <testcase classname="com.dikahadir.runners.RunnerAturanCutiTest" name="runScenario" time="22.395">
    <failure message="Pesan sukses tidak sesuai! expected [Gagal Membuat Aturan Cuti] but found [Sukses Membuat Aturan Cuti]" type="java.lang.AssertionError">
      <![CDATA[java.lang.AssertionError: Pesan sukses tidak sesuai! expected [Gagal Membuat Aturan Cuti] but found [Sukses Membuat Aturan Cuti]
at org.testng.Assert.fail(Assert.java:111)
at org.testng.Assert.failNotEquals(Assert.java:1578)
at org.testng.Assert.assertEqualsImpl(Assert.java:150)
at org.testng.Assert.assertEquals(Assert.java:132)
at org.testng.Assert.assertEquals(Assert.java:656)
at com.dikahadir.definitions.aturancuti.TambahAturanCutiTest.aturanCutiBerhasilDitambahkan(TambahAturanCutiTest.java:63)
at âœ½.sistem menampilkan pesan "Gagal Membuat Aturan Cuti"(file:///C:/Hegar/sqabatch23/TA/web_hadir/src/test/resources/features/aturancuti/TambahAturanCuti.feature:30)
]]>
    </failure>
  </testcase> <!-- runScenario -->
</testsuite> <!-- com.dikahadir.runners.RunnerAturanCutiTest -->
