<?xml version="1.0" encoding="UTF-8"?>
<!-- Generated by org.testng.reporters.JUnitReportReporter -->
<testsuite hostname="Raga" failures="0" tests="1" name="com.dikahadir.runners.RunnerJabatanTest" time="29.037" errors="0" timestamp="2025-08-24T00:37:57 WIB" skipped="0">
  <testcase classname="com.dikahadir.runners.RunnerJabatanTest" name="runScenario" time="29.037"/>
</testsuite> <!-- com.dikahadir.runners.RunnerJabatanTest -->
