<?xml version="1.0" encoding="UTF-8"?>
<!-- Generated by org.testng.reporters.JUnitReportReporter -->
<testsuite hostname="Raga" failures="0" tests="2" name="com.dikahadir.JabatanTest" time="24.315" errors="0" timestamp="2025-08-17T17:36:28 WIB" skipped="0">
  <testcase classname="com.dikahadir.JabatanTest" name="testTambahJabatanBaru" time="12.665"/>
  <testcase classname="com.dikahadir.JabatanTest" name="negativeTestTambahJabatan" time="11.650"/>
</testsuite> <!-- com.dikahadir.JabatanTest -->
