<?xml version="1.0" encoding="UTF-8"?>
<!-- Generated by org.testng.reporters.JUnitReportReporter -->
<testsuite hostname="Raga" failures="2" tests="6" name="com.dikahadir.runners.RunnerAturanCutiTest" time="132.516" errors="0" timestamp="2025-08-24T09:35:58 WIB" skipped="0">
  <testcase classname="com.dikahadir.runners.RunnerAturanCutiTest" name="runScenario" time="18.083"/>
  <testcase classname="com.dikahadir.runners.RunnerAturanCutiTest" name="runScenario" time="14.858"/>
  <testcase classname="com.dikahadir.runners.RunnerAturanCutiTest" name="runScenario" time="24.448">
    <failure message="Pesan sukses tidak sesuai! expected [Gagal Membuat Aturan Cuti] but found [Sukses Membuat Aturan Cuti]" type="java.lang.AssertionError">
      <![CDATA[java.lang.AssertionError: Pesan sukses tidak sesuai! expected [Gagal Membuat Aturan Cuti] but found [Sukses Membuat Aturan Cuti]
at org.testng.Assert.fail(Assert.java:111)
at org.testng.Assert.failNotEquals(Assert.java:1578)
at org.testng.Assert.assertEqualsImpl(Assert.java:150)
at org.testng.Assert.assertEquals(Assert.java:132)
at org.testng.Assert.assertEquals(Assert.java:656)
at com.dikahadir.definitions.aturancuti.TambahAturanCutiTest.aturanCutiBerhasilDitambahkan(TambahAturanCutiTest.java:63)
at ✽.sistem menampilkan pesan "Gagal Membuat Aturan Cuti"(file:///C:/Hegar/sqabatch23/TA/web_hadir/src/test/resources/features/aturancuti/TambahAturanCuti.feature:30)
]]>
    </failure>
  </testcase> <!-- runScenario -->
  <testcase classname="com.dikahadir.runners.RunnerAturanCutiTest" name="runScenario" time="19.867"/>
  <testcase classname="com.dikahadir.runners.RunnerAturanCutiTest" name="runScenario" time="32.417">
    <failure message="Pesan sukses tidak sesuai! expected [Gagal Membuat Aturan Cuti] but found [Sukses Membuat Aturan Cuti]" type="java.lang.AssertionError">
      <![CDATA[java.lang.AssertionError: Pesan sukses tidak sesuai! expected [Gagal Membuat Aturan Cuti] but found [Sukses Membuat Aturan Cuti]
at org.testng.Assert.fail(Assert.java:111)
at org.testng.Assert.failNotEquals(Assert.java:1578)
at org.testng.Assert.assertEqualsImpl(Assert.java:150)
at org.testng.Assert.assertEquals(Assert.java:132)
at org.testng.Assert.assertEquals(Assert.java:656)
at com.dikahadir.definitions.aturancuti.TambahAturanCutiTest.aturanCutiBerhasilDitambahkan(TambahAturanCutiTest.java:63)
at ✽.sistem menampilkan pesan "Gagal Membuat Aturan Cuti"(file:///C:/Hegar/sqabatch23/TA/web_hadir/src/test/resources/features/aturancuti/TambahAturanCuti.feature:30)
]]>
    </failure>
  </testcase> <!-- runScenario -->
  <testcase classname="com.dikahadir.runners.RunnerAturanCutiTest" name="runScenario" time="22.843"/>
</testsuite> <!-- com.dikahadir.runners.RunnerAturanCutiTest -->
