<?xml version="1.0" encoding="UTF-8"?>
<!-- Generated by org.testng.reporters.JUnitReportReporter -->
<testsuite hostname="Raga" failures="0" tests="2" name="com.dikahadir.runners.RunnerJadwalTest" time="69.141" errors="0" timestamp="2025-08-25T15:42:14 WIB" skipped="0">
  <testcase classname="com.dikahadir.runners.RunnerJadwalTest" name="runScenario" time="36.272"/>
  <testcase classname="com.dikahadir.runners.RunnerJadwalTest" name="runScenario" time="32.869"/>
</testsuite> <!-- com.dikahadir.runners.RunnerJadwalTest -->
