<?xml version="1.0" encoding="UTF-8"?>
<!-- Generated by org.testng.reporters.JUnitReportReporter -->
<testsuite hostname="Raga" failures="0" tests="1" name="com.dikahadir.Jabatan.ResetFilterLevelJabatanTest" time="13.624" errors="0" timestamp="2025-08-18T18:36:48 WIB" skipped="0">
  <testcase classname="com.dikahadir.Jabatan.ResetFilterLevelJabatanTest" name="testResetFilter" time="13.624"/>
</testsuite> <!-- com.dikahadir.Jabatan.ResetFilterLevelJabatanTest -->
