<?xml version="1.0" encoding="UTF-8"?>
<!-- Generated by org.testng.reporters.JUnitReportReporter -->
<testsuite hostname="Raga" failures="2" tests="25" name="com.dikahadir.runners.RunnerJabatanTest" time="490.799" errors="0" timestamp="2025-08-25T09:08:02 WIB" skipped="0">
  <testcase classname="com.dikahadir.runners.RunnerJabatanTest" name="runScenario" time="17.259"/>
  <testcase classname="com.dikahadir.runners.RunnerJabatanTest" name="runScenario" time="25.429"/>
  <testcase classname="com.dikahadir.runners.RunnerJabatanTest" name="runScenario" time="25.381"/>
  <testcase classname="com.dikahadir.runners.RunnerJabatanTest" name="runScenario" time="22.174">
    <failure message="Pesan sukses tidak sesuai expected [Berhasil Delete Jabatan] but found [Gagal Delete Jabatan]" type="java.lang.AssertionError">
      <![CDATA[java.lang.AssertionError: Pesan sukses tidak sesuai expected [Berhasil Delete Jabatan] but found [Gagal Delete Jabatan]
at org.testng.Assert.fail(Assert.java:111)
at org.testng.Assert.failNotEquals(Assert.java:1578)
at org.testng.Assert.assertEqualsImpl(Assert.java:150)
at org.testng.Assert.assertEquals(Assert.java:132)
at org.testng.Assert.assertEquals(Assert.java:656)
at com.dikahadir.definitions.jabatan.HapusJabatan.pesanSukses(HapusJabatan.java:47)
at ✽.pesan sukses "Berhasil Delete Jabatan" akan diatmpilkan sistem(file:///C:/Hegar/sqabatch23/TA/web_hadir/src/test/resources/features/jabatan/HapusJabatan.feature:10)
]]>
    </failure>
  </testcase> <!-- runScenario -->
  <testcase classname="com.dikahadir.runners.RunnerJabatanTest" name="runScenario" time="16.920"/>
  <testcase classname="com.dikahadir.runners.RunnerJabatanTest" name="runScenario" time="15.519"/>
  <testcase classname="com.dikahadir.runners.RunnerJabatanTest" name="runScenario" time="13.952"/>
  <testcase classname="com.dikahadir.runners.RunnerJabatanTest" name="runScenario" time="18.911"/>
  <testcase classname="com.dikahadir.runners.RunnerJabatanTest" name="runScenario" time="37.490"/>
  <testcase classname="com.dikahadir.runners.RunnerJabatanTest" name="runScenario" time="14.300"/>
  <testcase classname="com.dikahadir.runners.RunnerJabatanTest" name="runScenario" time="15.838"/>
  <testcase classname="com.dikahadir.runners.RunnerJabatanTest" name="runScenario" time="16.983"/>
  <testcase classname="com.dikahadir.runners.RunnerJabatanTest" name="runScenario" time="19.246">
    <failure message="Pesan sukses tidak sesuai expected [Gagal Edit Jabatan] but found [Berhasil Edit Jabatan]" type="java.lang.AssertionError">
      <![CDATA[java.lang.AssertionError: Pesan sukses tidak sesuai expected [Gagal Edit Jabatan] but found [Berhasil Edit Jabatan]
at org.testng.Assert.fail(Assert.java:111)
at org.testng.Assert.failNotEquals(Assert.java:1578)
at org.testng.Assert.assertEqualsImpl(Assert.java:150)
at org.testng.Assert.assertEquals(Assert.java:132)
at org.testng.Assert.assertEquals(Assert.java:656)
at com.dikahadir.definitions.jabatan.EditJabatanTest.sistemMenampilkanPesan(EditJabatanTest.java:59)
at ✽.sistem akan menampilkan pesan "Gagal Edit Jabatan"(file:///C:/Hegar/sqabatch23/TA/web_hadir/src/test/resources/features/jabatan/EditJabatan.feature:51)
]]>
    </failure>
  </testcase> <!-- runScenario -->
  <testcase classname="com.dikahadir.runners.RunnerJabatanTest" name="runScenario" time="15.195"/>
  <testcase classname="com.dikahadir.runners.RunnerJabatanTest" name="runScenario" time="21.238"/>
  <testcase classname="com.dikahadir.runners.RunnerJabatanTest" name="runScenario" time="18.002"/>
  <testcase classname="com.dikahadir.runners.RunnerJabatanTest" name="runScenario" time="17.442"/>
  <testcase classname="com.dikahadir.runners.RunnerJabatanTest" name="runScenario" time="22.398"/>
  <testcase classname="com.dikahadir.runners.RunnerJabatanTest" name="runScenario" time="21.482"/>
  <testcase classname="com.dikahadir.runners.RunnerJabatanTest" name="runScenario" time="12.923"/>
  <testcase classname="com.dikahadir.runners.RunnerJabatanTest" name="runScenario" time="20.834"/>
  <testcase classname="com.dikahadir.runners.RunnerJabatanTest" name="runScenario" time="22.393"/>
  <testcase classname="com.dikahadir.runners.RunnerJabatanTest" name="runScenario" time="21.014"/>
  <testcase classname="com.dikahadir.runners.RunnerJabatanTest" name="runScenario" time="20.428"/>
  <testcase classname="com.dikahadir.runners.RunnerJabatanTest" name="runScenario" time="18.048"/>
</testsuite> <!-- com.dikahadir.runners.RunnerJabatanTest -->
