<?xml version="1.0" encoding="UTF-8"?>
<!-- Generated by org.testng.reporters.JUnitReportReporter -->
<testsuite hostname="Raga" failures="0" tests="2" name="com.dikahadir.runners.RunnerAturanCutiTest" time="27.177" errors="0" timestamp="2025-08-23T15:08:01 WIB" skipped="0">
  <testcase classname="com.dikahadir.runners.RunnerAturanCutiTest" name="runScenario" time="15.253"/>
  <testcase classname="com.dikahadir.runners.RunnerAturanCutiTest" name="runScenario" time="11.924"/>
</testsuite> <!-- com.dikahadir.runners.RunnerAturanCutiTest -->
