<?xml version="1.0" encoding="UTF-8"?>
<!-- Generated by org.testng.reporters.JUnitReportReporter -->
<testsuite hostname="Raga" failures="0" tests="4" name="com.dikahadir.Jabatan.TambahJabatanTest" time="49.196" errors="0" timestamp="2025-08-18T07:26:51 WIB" skipped="0">
  <testcase classname="com.dikahadir.Jabatan.TambahJabatanTest" name="testTambahJabatanBaru" time="11.063"/>
  <testcase classname="com.dikahadir.Jabatan.TambahJabatanTest" name="TestTambahJabatanInvalidData1" time="10.572"/>
  <testcase classname="com.dikahadir.Jabatan.TambahJabatanTest" name="TestTambahJabatanInvalidData2" time="11.247"/>
  <testcase classname="com.dikahadir.Jabatan.TambahJabatanTest" name="TestTambahJabatanInvalidData3" time="16.314"/>
</testsuite> <!-- com.dikahadir.Jabatan.TambahJabatanTest -->
