<?xml version="1.0" encoding="UTF-8"?>
<!-- Generated by org.testng.reporters.JUnitReportReporter -->
<testsuite hostname="Raga" failures="0" tests="1" name="com.dikahadir.runners.RunnerJabatanTest" time="25.375" errors="0" timestamp="2025-08-23T22:46:00 WIB" skipped="0">
  <testcase classname="com.dikahadir.runners.RunnerJabatanTest" name="runScenario" time="25.375"/>
</testsuite> <!-- com.dikahadir.runners.RunnerJabatanTest -->
