<?xml version="1.0" encoding="UTF-8"?>
<!-- Generated by org.testng.reporters.JUnitReportReporter -->
<testsuite hostname="Raga" failures="0" tests="9" name="com.dikahadir.runners.RunnerJabatanTest" time="176.283" errors="0" timestamp="2025-08-19T21:26:15 WIB" skipped="0">
  <testcase classname="com.dikahadir.runners.RunnerJabatanTest" name="runScenario" time="17.619"/>
  <testcase classname="com.dikahadir.runners.RunnerJabatanTest" name="runScenario" time="18.134"/>
  <testcase classname="com.dikahadir.runners.RunnerJabatanTest" name="runScenario" time="24.368"/>
  <testcase classname="com.dikahadir.runners.RunnerJabatanTest" name="runScenario" time="16.576"/>
  <testcase classname="com.dikahadir.runners.RunnerJabatanTest" name="runScenario" time="21.851"/>
  <testcase classname="com.dikahadir.runners.RunnerJabatanTest" name="runScenario" time="22.420"/>
  <testcase classname="com.dikahadir.runners.RunnerJabatanTest" name="runScenario" time="19.948"/>
  <testcase classname="com.dikahadir.runners.RunnerJabatanTest" name="runScenario" time="16.395"/>
  <testcase classname="com.dikahadir.runners.RunnerJabatanTest" name="runScenario" time="18.972"/>
</testsuite> <!-- com.dikahadir.runners.RunnerJabatanTest -->
