<?xml version="1.0" encoding="UTF-8"?>
<!-- Generated by org.testng.reporters.JUnitReportReporter -->
<testsuite hostname="Raga" failures="0" tests="3" name="com.dikahadir.runners.RunnerAturanCutiTest" time="101.760" errors="0" timestamp="2025-08-25T02:22:17 WIB" skipped="0">
  <testcase classname="com.dikahadir.runners.RunnerAturanCutiTest" name="runScenario" time="33.490"/>
  <testcase classname="com.dikahadir.runners.RunnerAturanCutiTest" name="runScenario" time="24.507"/>
  <testcase classname="com.dikahadir.runners.RunnerAturanCutiTest" name="runScenario" time="43.763"/>
</testsuite> <!-- com.dikahadir.runners.RunnerAturanCutiTest -->
