<?xml version="1.0" encoding="UTF-8"?>
<!-- Generated by org.testng.reporters.JUnitReportReporter -->
<testsuite hostname="Raga" failures="0" tests="1" name="com.dikahadir.runners.RunnerJabatanTest" time="31.060" errors="0" timestamp="2025-08-23T10:35:34 WIB" skipped="0">
  <testcase classname="com.dikahadir.runners.RunnerJabatanTest" name="runScenario" time="31.060"/>
</testsuite> <!-- com.dikahadir.runners.RunnerJabatanTest -->
