<?xml version="1.0" encoding="UTF-8"?>
<!-- Generated by org.testng.reporters.JUnitReportReporter -->
<testsuite hostname="Raga" failures="0" tests="1" name="com.dikahadir.ManagementTest" time="3.030" errors="0" timestamp="2025-08-15T05:56:13 WIB" skipped="0">
  <testcase classname="com.dikahadir.ManagementTest" name="openManagementMenu" time="3.030"/>
</testsuite> <!-- com.dikahadir.ManagementTest -->
