<?xml version="1.0" encoding="UTF-8"?>
<!-- Generated by org.testng.reporters.JUnitReportReporter -->
<testsuite hostname="Raga" failures="3" tests="8" name="com.dikahadir.runners.RunnerJabatanTest" time="126.572" errors="1" timestamp="2025-08-19T13:54:41 WIB" skipped="0">
  <testcase classname="com.dikahadir.runners.RunnerJabatanTest" name="runScenario" time="13.125"/>
  <testcase classname="com.dikahadir.runners.RunnerJabatanTest" name="runScenario" time="14.263">
    <failure message="Level jabatan tidak cocok. Seharusnya: &#039;2&#039;, tapi ditemukan: &#039;1&#039;. expected [2] but found [1]" type="java.lang.AssertionError">
      <![CDATA[java.lang.AssertionError: Level jabatan tidak cocok. Seharusnya: '2', tapi ditemukan: '1'. expected [2] but found [1]
at org.testng.Assert.fail(Assert.java:111)
at org.testng.Assert.failNotEquals(Assert.java:1578)
at org.testng.Assert.assertEqualsImpl(Assert.java:150)
at org.testng.Assert.assertEquals(Assert.java:132)
at org.testng.Assert.assertEquals(Assert.java:656)
at com.dikahadir.definitions.jabatan.FilterLevelJabatanTest.semuaJabatanMemilikiLevel(FilterLevelJabatanTest.java:39)
at ✽.semua jabatan yang ditampilkan memiliki level "2"(file:///C:/Hegar/sqabatch23/TA/web_hadir/src/test/resources/features/jabatan/FilterJabatan.feature:6)
]]>
    </failure>
  </testcase> <!-- runScenario -->
  <testcase classname="com.dikahadir.runners.RunnerJabatanTest" name="runScenario" time="15.472">
    <failure message="Level jabatan tidak cocok. Seharusnya: &#039;1&#039;, tapi ditemukan: &#039;10&#039;. expected [1] but found [10]" type="java.lang.AssertionError">
      <![CDATA[java.lang.AssertionError: Level jabatan tidak cocok. Seharusnya: '1', tapi ditemukan: '10'. expected [1] but found [10]
at org.testng.Assert.fail(Assert.java:111)
at org.testng.Assert.failNotEquals(Assert.java:1578)
at org.testng.Assert.assertEqualsImpl(Assert.java:150)
at org.testng.Assert.assertEquals(Assert.java:132)
at org.testng.Assert.assertEquals(Assert.java:656)
at com.dikahadir.definitions.jabatan.FilterLevelJabatanTest.semuaJabatanMemilikiLevel(FilterLevelJabatanTest.java:39)
at ✽.semua jabatan yang ditampilkan memiliki level "1"(file:///C:/Hegar/sqabatch23/TA/web_hadir/src/test/resources/features/jabatan/FilterJabatan.feature:6)
]]>
    </failure>
  </testcase> <!-- runScenario -->
  <testcase classname="com.dikahadir.runners.RunnerJabatanTest" name="runScenario" time="18.952">
    <error message="Expected condition failed: waiting for visibility of element located by By.xpath: (//p[normalize-space()=&#039;Management&#039;])[1] (tried for 10 second(s) with 500 milliseconds interval)
Build info: version: &#039;4.34.0&#039;, revision: &#039;707dcb4246*&#039;
System info: os.name: &#039;Windows 11&#039;, os.arch: &#039;amd64&#039;, os.version: &#039;10.0&#039;, java.version: &#039;21.0.8&#039;
Driver info: org.openqa.selenium.firefox.FirefoxDriver
Capabilities {acceptInsecureCerts: true, browserName: firefox, browserVersion: 141.0.3, moz:accessibilityChecks: false, moz:buildID: 20250806102122, moz:geckodriverVersion: 0.36.0, moz:headless: false, moz:platformVersion: 10.0, moz:processID: 81900, moz:profile: C:\Users\LENOVO\AppData\Loc..., moz:shutdownTimeout: 60000, moz:webdriverClick: true, moz:windowless: false, pageLoadStrategy: normal, platformName: windows, proxy: Proxy(), setWindowRect: true, strictFileInteractability: false, timeouts: {implicit: 0, pageLoad: 300000, script: 30000}, unhandledPromptBehavior: dismiss and notify, userAgent: Mozilla/5.0 (Windows NT 10....}
Session ID: 3e57e686-71d3-4042-a291-c060dbc283e9" type="org.openqa.selenium.TimeoutException">
      <![CDATA[org.openqa.selenium.TimeoutException: Expected condition failed: waiting for visibility of element located by By.xpath: (//p[normalize-space()='Management'])[1] (tried for 10 second(s) with 500 milliseconds interval)
Build info: version: '4.34.0', revision: '707dcb4246*'
System info: os.name: 'Windows 11', os.arch: 'amd64', os.version: '10.0', java.version: '21.0.8'
Driver info: org.openqa.selenium.firefox.FirefoxDriver
Capabilities {acceptInsecureCerts: true, browserName: firefox, browserVersion: 141.0.3, moz:accessibilityChecks: false, moz:buildID: 20250806102122, moz:geckodriverVersion: 0.36.0, moz:headless: false, moz:platformVersion: 10.0, moz:processID: 81900, moz:profile: C:\Users\LENOVO\AppData\Loc..., moz:shutdownTimeout: 60000, moz:webdriverClick: true, moz:windowless: false, pageLoadStrategy: normal, platformName: windows, proxy: Proxy(), setWindowRect: true, strictFileInteractability: false, timeouts: {implicit: 0, pageLoad: 300000, script: 30000}, unhandledPromptBehavior: dismiss and notify, userAgent: Mozilla/5.0 (Windows NT 10....}
Session ID: 3e57e686-71d3-4042-a291-c060dbc283e9
at org.openqa.selenium.support.ui.WebDriverWait.timeoutException(WebDriverWait.java:84)
at org.openqa.selenium.support.ui.FluentWait.until(FluentWait.java:228)
at com.dikahadir.Hooks.setUp(Hooks.java:38)
]]>
    </error>
  </testcase> <!-- runScenario -->
  <testcase classname="com.dikahadir.runners.RunnerJabatanTest" name="runScenario" time="18.306"/>
  <testcase classname="com.dikahadir.runners.RunnerJabatanTest" name="runScenario" time="12.271"/>
  <testcase classname="com.dikahadir.runners.RunnerJabatanTest" name="runScenario" time="21.134"/>
  <testcase classname="com.dikahadir.runners.RunnerJabatanTest" name="runScenario" time="13.049">
    <failure message="Jumlah baris setelah reset tidak kembali ke kondisi awal. expected [3] but found [10]" type="java.lang.AssertionError">
      <![CDATA[java.lang.AssertionError: Jumlah baris setelah reset tidak kembali ke kondisi awal. expected [3] but found [10]
at org.testng.Assert.fail(Assert.java:111)
at org.testng.Assert.failNotEquals(Assert.java:1578)
at org.testng.Assert.assertEqualsImpl(Assert.java:150)
at org.testng.Assert.assertEquals(Assert.java:132)
at org.testng.Assert.assertEquals(Assert.java:1419)
at org.testng.Assert.assertEquals(Assert.java:1383)
at com.dikahadir.definitions.jabatan.ResetFilterLevelJabatanTest.verifikasiJumlahKembaliNormal(ResetFilterLevelJabatanTest.java:55)
at ✽.jumlah jabatan yang ditampilkan kembali ke kondisi semula(file:///C:/Hegar/sqabatch23/TA/web_hadir/src/test/resources/features/jabatan/ResetFilterJabatan.feature:10)
]]>
    </failure>
  </testcase> <!-- runScenario -->
</testsuite> <!-- com.dikahadir.runners.RunnerJabatanTest -->
