<?xml version="1.0" encoding="UTF-8"?>
<!-- Generated by org.testng.reporters.JUnitReportReporter -->
<testsuite hostname="Raga" failures="0" tests="2" name="com.dikahadir.runners.RunnerAturanCutiTest" time="52.333" errors="0" timestamp="2025-08-24T17:09:50 WIB" skipped="0">
  <testcase classname="com.dikahadir.runners.RunnerAturanCutiTest" name="runScenario" time="26.404"/>
  <testcase classname="com.dikahadir.runners.RunnerAturanCutiTest" name="runScenario" time="25.929"/>
</testsuite> <!-- com.dikahadir.runners.RunnerAturanCutiTest -->
