<?xml version="1.0" encoding="UTF-8"?>
<!-- Generated by org.testng.reporters.JUnitReportReporter -->
<testsuite hostname="Raga" failures="3" tests="8" name="com.dikahadir.runners.RunnerJabatanTest" time="119.723" errors="1" timestamp="2025-08-19T13:36:46 WIB" skipped="0">
  <testcase classname="com.dikahadir.runners.RunnerJabatanTest" name="runScenario" time="12.978">
    <failure message="Level jabatan tidak cocok. Seharusnya: &#039;3&#039;, tapi ditemukan: &#039;13&#039;. expected [3] but found [13]" type="java.lang.AssertionError">
      <![CDATA[java.lang.AssertionError: Level jabatan tidak cocok. Seharusnya: '3', tapi ditemukan: '13'. expected [3] but found [13]
at org.testng.Assert.fail(Assert.java:111)
at org.testng.Assert.failNotEquals(Assert.java:1578)
at org.testng.Assert.assertEqualsImpl(Assert.java:150)
at org.testng.Assert.assertEquals(Assert.java:132)
at org.testng.Assert.assertEquals(Assert.java:656)
at com.dikahadir.definitions.jabatan.FilterLevelJabatanTest.semuaJabatanMemilikiLevel(FilterLevelJabatanTest.java:39)
at ✽.semua jabatan yang ditampilkan memiliki level "3"(file:///C:/Hegar/sqabatch23/TA/web_hadir/src/test/resources/features/jabatan/FilterJabatan.feature:6)
]]>
    </failure>
  </testcase> <!-- runScenario -->
  <testcase classname="com.dikahadir.runners.RunnerJabatanTest" name="runScenario" time="9.591"/>
  <testcase classname="com.dikahadir.runners.RunnerJabatanTest" name="runScenario" time="17.276"/>
  <testcase classname="com.dikahadir.runners.RunnerJabatanTest" name="runScenario" time="16.666">
    <failure message="Pesan sukses tidak sesuai! expected [Berhasil Menambahkan Job Level] but found [Gagal Menambahkan Job Level]" type="java.lang.AssertionError">
      <![CDATA[java.lang.AssertionError: Pesan sukses tidak sesuai! expected [Berhasil Menambahkan Job Level] but found [Gagal Menambahkan Job Level]
at org.testng.Assert.fail(Assert.java:111)
at org.testng.Assert.failNotEquals(Assert.java:1578)
at org.testng.Assert.assertEqualsImpl(Assert.java:150)
at org.testng.Assert.assertEquals(Assert.java:132)
at org.testng.Assert.assertEquals(Assert.java:656)
at com.dikahadir.definitions.jabatan.TambahJabatanTest.pesanSukses(TambahJabatanTest.java:40)
at ✽.sistem menampilkan pesan sukses "Berhasil Menambahkan Job Level"(file:///C:/Hegar/sqabatch23/TA/web_hadir/src/test/resources/features/jabatan/TambahJabatan.feature:8)
]]>
    </failure>
  </testcase> <!-- runScenario -->
  <testcase classname="com.dikahadir.runners.RunnerJabatanTest" name="runScenario" time="13.907"/>
  <testcase classname="com.dikahadir.runners.RunnerJabatanTest" name="runScenario" time="15.637"/>
  <testcase classname="com.dikahadir.runners.RunnerJabatanTest" name="runScenario" time="13.359">
    <failure message="Jumlah baris setelah reset tidak kembali ke kondisi awal. expected [3] but found [10]" type="java.lang.AssertionError">
      <![CDATA[java.lang.AssertionError: Jumlah baris setelah reset tidak kembali ke kondisi awal. expected [3] but found [10]
at org.testng.Assert.fail(Assert.java:111)
at org.testng.Assert.failNotEquals(Assert.java:1578)
at org.testng.Assert.assertEqualsImpl(Assert.java:150)
at org.testng.Assert.assertEquals(Assert.java:132)
at org.testng.Assert.assertEquals(Assert.java:1419)
at org.testng.Assert.assertEquals(Assert.java:1383)
at com.dikahadir.definitions.jabatan.ResetFilterLevelJabatanTest.verifikasiJumlahKembaliNormal(ResetFilterLevelJabatanTest.java:55)
at ✽.jumlah jabatan yang ditampilkan kembali ke kondisi semula(file:///C:/Hegar/sqabatch23/TA/web_hadir/src/test/resources/features/jabatan/ResetFilterJabatan.feature:10)
]]>
    </failure>
  </testcase> <!-- runScenario -->
  <testcase classname="com.dikahadir.runners.RunnerJabatanTest" name="runScenario" time="20.309">
    <error message="The element with the reference bdf2e8da-8f24-44db-ad50-7bda9e372054 is stale; either its node document is not the active document, or it is no longer connected to the DOM
For documentation on this error, please visit: https://www.selenium.dev/documentation/webdriver/troubleshooting/errors#stale-element-reference-exception
Build info: version: &#039;4.34.0&#039;, revision: &#039;707dcb4246*&#039;
System info: os.name: &#039;Windows 11&#039;, os.arch: &#039;amd64&#039;, os.version: &#039;10.0&#039;, java.version: &#039;21.0.8&#039;
Driver info: org.openqa.selenium.firefox.FirefoxDriver
Command: [467463e3-4cbb-4fd1-8583-481cfa00e2e8, getElementText {id=bdf2e8da-8f24-44db-ad50-7bda9e372054}]
Capabilities {acceptInsecureCerts: true, browserName: firefox, browserVersion: 141.0.3, moz:accessibilityChecks: false, moz:buildID: 20250806102122, moz:geckodriverVersion: 0.36.0, moz:headless: false, moz:platformVersion: 10.0, moz:processID: 58384, moz:profile: C:\Users\LENOVO\AppData\Loc..., moz:shutdownTimeout: 60000, moz:webdriverClick: true, moz:windowless: false, pageLoadStrategy: normal, platformName: windows, proxy: Proxy(), setWindowRect: true, strictFileInteractability: false, timeouts: {implicit: 0, pageLoad: 300000, script: 30000}, unhandledPromptBehavior: dismiss and notify, userAgent: Mozilla/5.0 (Windows NT 10....}
Element: [[FirefoxDriver: firefox on windows (467463e3-4cbb-4fd1-8583-481cfa00e2e8)] -&gt; xpath: //table/tbody/tr/td[2]]
Session ID: 467463e3-4cbb-4fd1-8583-481cfa00e2e8" type="org.openqa.selenium.StaleElementReferenceException">
      <![CDATA[org.openqa.selenium.StaleElementReferenceException: The element with the reference bdf2e8da-8f24-44db-ad50-7bda9e372054 is stale; either its node document is not the active document, or it is no longer connected to the DOM
For documentation on this error, please visit: https://www.selenium.dev/documentation/webdriver/troubleshooting/errors#stale-element-reference-exception
Build info: version: '4.34.0', revision: '707dcb4246*'
System info: os.name: 'Windows 11', os.arch: 'amd64', os.version: '10.0', java.version: '21.0.8'
Driver info: org.openqa.selenium.firefox.FirefoxDriver
Command: [467463e3-4cbb-4fd1-8583-481cfa00e2e8, getElementText {id=bdf2e8da-8f24-44db-ad50-7bda9e372054}]
Capabilities {acceptInsecureCerts: true, browserName: firefox, browserVersion: 141.0.3, moz:accessibilityChecks: false, moz:buildID: 20250806102122, moz:geckodriverVersion: 0.36.0, moz:headless: false, moz:platformVersion: 10.0, moz:processID: 58384, moz:profile: C:\Users\LENOVO\AppData\Loc..., moz:shutdownTimeout: 60000, moz:webdriverClick: true, moz:windowless: false, pageLoadStrategy: normal, platformName: windows, proxy: Proxy(), setWindowRect: true, strictFileInteractability: false, timeouts: {implicit: 0, pageLoad: 300000, script: 30000}, unhandledPromptBehavior: dismiss and notify, userAgent: Mozilla/5.0 (Windows NT 10....}
Element: [[FirefoxDriver: firefox on windows (467463e3-4cbb-4fd1-8583-481cfa00e2e8)] -> xpath: //table/tbody/tr/td[2]]
Session ID: 467463e3-4cbb-4fd1-8583-481cfa00e2e8
at java.base/jdk.internal.reflect.DirectConstructorHandleAccessor.newInstance(DirectConstructorHandleAccessor.java:62)
at java.base/java.lang.reflect.Constructor.newInstanceWithCaller(Constructor.java:502)
at java.base/java.lang.reflect.Constructor.newInstance(Constructor.java:486)
at org.openqa.selenium.remote.ErrorCodec.decode(ErrorCodec.java:167)
at org.openqa.selenium.remote.codec.w3c.W3CHttpResponseCodec.decode(W3CHttpResponseCodec.java:138)
at org.openqa.selenium.remote.codec.w3c.W3CHttpResponseCodec.decode(W3CHttpResponseCodec.java:50)
at org.openqa.selenium.remote.HttpCommandExecutor.execute(HttpCommandExecutor.java:215)
at org.openqa.selenium.remote.service.DriverCommandExecutor.invokeExecute(DriverCommandExecutor.java:216)
at org.openqa.selenium.remote.service.DriverCommandExecutor.execute(DriverCommandExecutor.java:174)
at org.openqa.selenium.remote.RemoteWebDriver.execute(RemoteWebDriver.java:544)
at org.openqa.selenium.remote.RemoteWebElement.execute(RemoteWebElement.java:223)
at org.openqa.selenium.remote.RemoteWebElement.getText(RemoteWebElement.java:191)
at com.dikahadir.definitions.jabatan.FilterLevelJabatanTest.semuaJabatanMemilikiLevel(FilterLevelJabatanTest.java:38)
at ✽.semua jabatan yang ditampilkan memiliki level "1"(file:///C:/Hegar/sqabatch23/TA/web_hadir/src/test/resources/features/jabatan/FilterJabatan.feature:6)
]]>
    </error>
  </testcase> <!-- runScenario -->
</testsuite> <!-- com.dikahadir.runners.RunnerJabatanTest -->
