<?xml version="1.0" encoding="UTF-8"?>
<!-- Generated by org.testng.reporters.JUnitReportReporter -->
<testsuite hostname="Raga" failures="0" tests="1" name="com.dikahadir.ManagementTest" time="5.447" errors="0" timestamp="2025-08-15T20:17:12 WIB" skipped="0">
  <testcase classname="com.dikahadir.ManagementTest" name="openManagementMenu" time="5.447"/>
</testsuite> <!-- com.dikahadir.ManagementTest -->
