<?xml version="1.0" encoding="UTF-8"?>
<!-- Generated by org.testng.reporters.JUnitReportReporter -->
<testsuite hostname="Raga" failures="1" tests="3" name="com.dikahadir.runners.RunnerJabatanTest" time="58.999" errors="2" timestamp="2025-08-23T11:48:39 WIB" skipped="0">
  <testcase classname="com.dikahadir.runners.RunnerJabatanTest" name="runScenario" time="13.027">
    <error message="Jabatan dengan nama &#039;STOFF&#039; tidak ditemukan di semua halaman." type="java.lang.RuntimeException">
      <![CDATA[java.lang.RuntimeException: Jabatan dengan nama 'STOFF' tidak ditemukan di semua halaman.
at com.dikahadir.page.JabatanPage.clickActionButtonWithPagination(JabatanPage.java:160)
at com.dikahadir.definitions.jabatan.HapusJabatan.clickTombolAction(HapusJabatan.java:29)
at ✽.user mengklik tombol action pada jabatan "STOFF"(file:///C:/Hegar/sqabatch23/TA/web_hadir/src/test/resources/features/jabatan/HapusJabatan.feature:21)
]]>
    </error>
  </testcase> <!-- runScenario -->
  <testcase classname="com.dikahadir.runners.RunnerJabatanTest" name="runScenario" time="18.595">
    <failure message="Pesan sukses tidak sesuai expected [Berhasil Delete Jabatan] but found [Gagal Delete Jabatan]" type="java.lang.AssertionError">
      <![CDATA[java.lang.AssertionError: Pesan sukses tidak sesuai expected [Berhasil Delete Jabatan] but found [Gagal Delete Jabatan]
at org.testng.Assert.fail(Assert.java:111)
at org.testng.Assert.failNotEquals(Assert.java:1578)
at org.testng.Assert.assertEqualsImpl(Assert.java:150)
at org.testng.Assert.assertEquals(Assert.java:132)
at org.testng.Assert.assertEquals(Assert.java:656)
at com.dikahadir.definitions.jabatan.HapusJabatan.pesanSukses(HapusJabatan.java:49)
at ✽.pesan sukses "Berhasil Delete Jabatan" akan diatmpilkan sistem(file:///C:/Hegar/sqabatch23/TA/web_hadir/src/test/resources/features/jabatan/HapusJabatan.feature:10)
]]>
    </failure>
  </testcase> <!-- runScenario -->
  <testcase classname="com.dikahadir.runners.RunnerJabatanTest" name="runScenario" time="27.377">
    <error message="Jabatan dengan nama &#039;SQA&#039; tidak ditemukan di semua halaman." type="java.lang.RuntimeException">
      <![CDATA[java.lang.RuntimeException: Jabatan dengan nama 'SQA' tidak ditemukan di semua halaman.
at com.dikahadir.page.JabatanPage.clickActionButtonWithPagination(JabatanPage.java:160)
at com.dikahadir.definitions.jabatan.HapusJabatan.clickTombolAction(HapusJabatan.java:29)
at ✽.user mengklik tombol action pada jabatan "SQA"(file:///C:/Hegar/sqabatch23/TA/web_hadir/src/test/resources/features/jabatan/HapusJabatan.feature:14)
]]>
    </error>
  </testcase> <!-- runScenario -->
</testsuite> <!-- com.dikahadir.runners.RunnerJabatanTest -->
